2018-02-12 19:46:04,255 [Worker-5] INFO  c.g.t.t.d.PublishedGradleVersions - Gradle version information cache is not available. Remote download required.
2018-02-13 20:15:20,163 [Worker-9] INFO  c.g.t.t.d.PublishedGradleVersions - Gradle version information cache is out-of-date. Trying to update.
2018-02-26 13:17:15,807 [Worker-1] INFO  c.g.t.t.d.PublishedGradleVersions - Gradle version information cache is out-of-date. Trying to update.
2018-04-18 21:56:09,702 [Worker-5] INFO  c.g.t.t.d.PublishedGradleVersions - Gradle version information cache is out-of-date. Trying to update.
2018-06-28 12:28:35,761 [main] INFO  o.e.j.client.core.ClientTestImpl - adding IAUTEventListener org.eclipse.jubula.client.ui.rcp.controllers.TestExecutionContributor:org.eclipse.jubula.client.ui.rcp.controllers.TestExecutionContributor@3041beb3
2018-06-28 12:32:52,501 [Worker-0] INFO  c.g.t.t.d.PublishedGradleVersions - Gradle version information cache is out-of-date. Trying to update.
2018-07-03 16:31:52,456 [main] INFO  o.e.j.client.core.ClientTestImpl - adding IAUTEventListener org.eclipse.jubula.client.ui.rcp.controllers.TestExecutionContributor:org.eclipse.jubula.client.ui.rcp.controllers.TestExecutionContributor@4d75c604
2018-07-04 13:04:42,131 [Worker-22] INFO  c.g.t.t.d.PublishedGradleVersions - Gradle version information cache is out-of-date. Trying to update.
2018-07-17 12:36:50,300 [main] INFO  o.e.j.client.core.ClientTestImpl - adding IAUTEventListener org.eclipse.jubula.client.ui.rcp.controllers.TestExecutionContributor:org.eclipse.jubula.client.ui.rcp.controllers.TestExecutionContributor@4a2d66e
2018-07-17 12:45:04,817 [Worker-14] INFO  c.g.t.t.d.PublishedGradleVersions - Gradle version information cache is out-of-date. Trying to update.
2018-07-21 19:49:44,132 [main] INFO  o.e.j.client.core.ClientTestImpl - adding IAUTEventListener org.eclipse.jubula.client.ui.rcp.controllers.TestExecutionContributor:org.eclipse.jubula.client.ui.rcp.controllers.TestExecutionContributor@760a2b6e
2018-07-21 20:12:28,912 [Worker-20] INFO  c.g.t.t.d.PublishedGradleVersions - Gradle version information cache is out-of-date. Trying to update.
2018-07-23 11:36:27,377 [main] INFO  o.e.j.client.core.ClientTestImpl - adding IAUTEventListener org.eclipse.jubula.client.ui.rcp.controllers.TestExecutionContributor:org.eclipse.jubula.client.ui.rcp.controllers.TestExecutionContributor@7846913f
2018-07-23 11:39:42,411 [Worker-12] INFO  c.g.t.t.d.PublishedGradleVersions - Gradle version information cache is out-of-date. Trying to update.
2018-07-25 10:36:37,662 [main] INFO  o.e.j.client.core.ClientTestImpl - adding IAUTEventListener org.eclipse.jubula.client.ui.rcp.controllers.TestExecutionContributor:org.eclipse.jubula.client.ui.rcp.controllers.TestExecutionContributor@3d132bb6
2018-07-25 13:57:58,368 [main] INFO  o.e.j.client.core.ClientTestImpl - adding IAUTEventListener org.eclipse.jubula.client.ui.rcp.controllers.TestExecutionContributor:org.eclipse.jubula.client.ui.rcp.controllers.TestExecutionContributor@35d88a54
2018-07-25 14:03:36,439 [Worker-3] INFO  c.g.t.t.d.PublishedGradleVersions - Gradle version information cache is out-of-date. Trying to update.
2018-07-25 14:10:32,016 [main] INFO  o.e.j.client.core.ClientTestImpl - adding IAUTEventListener org.eclipse.jubula.client.ui.rcp.controllers.TestExecutionContributor:org.eclipse.jubula.client.ui.rcp.controllers.TestExecutionContributor@49e0b123
2018-07-25 14:10:49,888 [Worker-18] INFO  c.g.t.t.d.PublishedGradleVersions - Gradle version information cache is up-to-date. Trying to read.
2018-07-26 15:31:01,357 [main] INFO  o.e.j.client.core.ClientTestImpl - adding IAUTEventListener org.eclipse.jubula.client.ui.rcp.controllers.TestExecutionContributor:org.eclipse.jubula.client.ui.rcp.controllers.TestExecutionContributor@5d5574c7
2018-07-26 15:34:34,144 [Worker-1] INFO  c.g.t.t.d.PublishedGradleVersions - Gradle version information cache is out-of-date. Trying to update.
2018-07-26 16:55:20,621 [main] INFO  o.e.j.client.core.ClientTestImpl - adding IAUTEventListener org.eclipse.jubula.client.ui.rcp.controllers.TestExecutionContributor:org.eclipse.jubula.client.ui.rcp.controllers.TestExecutionContributor@3c7d8a4
2018-07-26 16:56:05,828 [Worker-18] INFO  c.g.t.t.d.PublishedGradleVersions - Gradle version information cache is up-to-date. Trying to read.
2018-07-27 09:50:51,714 [main] INFO  o.e.j.client.core.ClientTestImpl - adding IAUTEventListener org.eclipse.jubula.client.ui.rcp.controllers.TestExecutionContributor:org.eclipse.jubula.client.ui.rcp.controllers.TestExecutionContributor@5996d6f2
2018-07-27 09:51:13,936 [Worker-9] INFO  c.g.t.t.d.PublishedGradleVersions - Gradle version information cache is up-to-date. Trying to read.
2018-08-09 12:36:07,753 [main] INFO  o.e.j.client.core.ClientTestImpl - adding IAUTEventListener org.eclipse.jubula.client.ui.rcp.controllers.TestExecutionContributor:org.eclipse.jubula.client.ui.rcp.controllers.TestExecutionContributor@4910afdf
2018-08-09 12:36:15,126 [Worker-6] INFO  c.g.t.t.d.PublishedGradleVersions - Gradle version information cache is out-of-date. Trying to update.
2018-08-12 16:07:50,267 [main] INFO  o.e.j.client.core.ClientTestImpl - adding IAUTEventListener org.eclipse.jubula.client.ui.rcp.controllers.TestExecutionContributor:org.eclipse.jubula.client.ui.rcp.controllers.TestExecutionContributor@72a34537
2018-08-12 16:08:08,173 [Worker-7] INFO  c.g.t.t.d.PublishedGradleVersions - Gradle version information cache is out-of-date. Trying to update.
2018-08-16 15:29:50,454 [ModalContext] INFO  o.e.jgit.transport.TransportHttp - URI 'http://git.nexgen.neustar.biz/oneid/corroboration/tree/dev': following HTTP redirect #0  http://git.nexgen.neustar.biz/oneid/corroboration/tree/dev/ -> https://git.nexgen.neustar.biz:443/oneid/corroboration/tree/dev/
2018-08-21 13:09:01,595 [main] INFO  o.e.j.client.core.ClientTestImpl - adding IAUTEventListener org.eclipse.jubula.client.ui.rcp.controllers.TestExecutionContributor:org.eclipse.jubula.client.ui.rcp.controllers.TestExecutionContributor@39dda56f
2018-08-21 13:09:17,066 [Worker-4] INFO  c.g.t.t.d.PublishedGradleVersions - Gradle version information cache is out-of-date. Trying to update.
2018-08-23 16:02:30,524 [main] INFO  o.e.j.client.core.ClientTestImpl - adding IAUTEventListener org.eclipse.jubula.client.ui.rcp.controllers.TestExecutionContributor:org.eclipse.jubula.client.ui.rcp.controllers.TestExecutionContributor@11c3ce6a
2018-08-23 16:02:42,330 [Worker-6] INFO  c.g.t.t.d.PublishedGradleVersions - Gradle version information cache is out-of-date. Trying to update.
2018-08-24 12:10:31,533 [main] INFO  o.e.j.client.core.ClientTestImpl - adding IAUTEventListener org.eclipse.jubula.client.ui.rcp.controllers.TestExecutionContributor:org.eclipse.jubula.client.ui.rcp.controllers.TestExecutionContributor@4a6facb0
2018-08-24 12:10:43,187 [Worker-5] INFO  c.g.t.t.d.PublishedGradleVersions - Gradle version information cache is up-to-date. Trying to read.
2018-09-11 10:53:45,089 [main] INFO  o.e.j.client.core.ClientTestImpl - adding IAUTEventListener org.eclipse.jubula.client.ui.rcp.controllers.TestExecutionContributor:org.eclipse.jubula.client.ui.rcp.controllers.TestExecutionContributor@3c8758d1
2018-09-11 10:53:53,055 [Worker-7] INFO  c.g.t.t.d.PublishedGradleVersions - Gradle version information cache is out-of-date. Trying to update.
2018-09-12 14:36:36,566 [main] INFO  o.e.j.client.core.ClientTestImpl - adding IAUTEventListener org.eclipse.jubula.client.ui.rcp.controllers.TestExecutionContributor:org.eclipse.jubula.client.ui.rcp.controllers.TestExecutionContributor@2aa0feb2
2018-09-12 14:36:42,443 [Worker-8] INFO  c.g.t.t.d.PublishedGradleVersions - Gradle version information cache is out-of-date. Trying to update.
2018-09-14 14:57:39,963 [main] INFO  o.e.j.client.core.ClientTestImpl - adding IAUTEventListener org.eclipse.jubula.client.ui.rcp.controllers.TestExecutionContributor:org.eclipse.jubula.client.ui.rcp.controllers.TestExecutionContributor@69ab2d6a
2018-09-14 14:57:47,903 [Worker-5] INFO  c.g.t.t.d.PublishedGradleVersions - Gradle version information cache is out-of-date. Trying to update.
2018-09-18 11:28:48,193 [main] INFO  o.e.j.client.core.ClientTestImpl - adding IAUTEventListener org.eclipse.jubula.client.ui.rcp.controllers.TestExecutionContributor:org.eclipse.jubula.client.ui.rcp.controllers.TestExecutionContributor@301d84f6
2018-09-18 11:28:56,229 [Worker-1] INFO  c.g.t.t.d.PublishedGradleVersions - Gradle version information cache is out-of-date. Trying to update.
